
*** Running vivado
    with args -log axi_top.vds -m64 -product Vivado -mode batch -messageDb vivado.pb -notrace -source axi_top.tcl



****** Vivado v2024.1 (64-bit)
  **** SW Build 5076996 on Wed May 22 18:37:14 MDT 2024
  **** IP Build 5075265 on Wed May 22 21:45:21 MDT 2024
  **** SharedData Build 5076995 on Wed May 22 18:29:18 MDT 2024
  **** Start of session at: Mon Jul  6 13:26:42 2026
    ** Copyright 1986-2022 Xilinx, Inc. All Rights Reserved.
    ** Copyright 2022-2024 Advanced Micro Devices, Inc. All Rights Reserved.

source axi_top.tcl -notrace
create_project: Time (s): cpu = 00:00:07 ; elapsed = 00:00:08 . Memory (MB): peak = 531.852 ; gain = 196.125
Command: read_checkpoint -auto_incremental -incremental {C:/Users/Sankaranarayanan A/Desktop/AXI/AXI_5/AXI_5/axi_5.srcs/utils_1/imports/synth_1/axi_top.dcp}
INFO: [Vivado 12-5825] Read reference checkpoint from C:/Users/Sankaranarayanan A/Desktop/AXI/AXI_5/AXI_5/axi_5.srcs/utils_1/imports/synth_1/axi_top.dcp for incremental synthesis
INFO: [Vivado 12-7989] Please ensure there are no constraint changes
Command: synth_design -top axi_top -part xc7k70tfbv676-1
Starting synth_design
Attempting to get a license for feature 'Synthesis' and/or device 'xc7k70t'
INFO: [Common 17-349] Got license for feature 'Synthesis' and/or device 'xc7k70t'
INFO: [Designutils 20-5440] No compile time benefit to using incremental synthesis; A full resynthesis will be run
INFO: [Designutils 20-4379] Flow is switching to default flow due to incremental criteria not met. If you would like to alter this behaviour and have the flow terminate instead, please set the following parameter config_implementation {autoIncr.Synth.RejectBehavior Terminate}
INFO: [Synth 8-7079] Multithreading enabled for synth_design using a maximum of 2 processes.
INFO: [Synth 8-7078] Launching helper process for spawning children vivado processes
INFO: [Synth 8-7075] Helper process launched with PID 49852
---------------------------------------------------------------------------------
Starting Synthesize : Time (s): cpu = 00:00:04 ; elapsed = 00:00:05 . Memory (MB): peak = 992.078 ; gain = 449.539
---------------------------------------------------------------------------------
INFO: [Synth 8-6157] synthesizing module 'axi_top' [C:/Users/Sankaranarayanan A/Desktop/AXI/AXI_5/AXI_5/axi_5.srcs/sources_1/new/axi_top.sv:181]
INFO: [Synth 8-6157] synthesizing module 'AXI_BUS' [C:/Users/Sankaranarayanan A/Desktop/AXI/AXI_5/AXI_5/axi_5.srcs/sources_1/new/axi_top.sv:61]
INFO: [Synth 8-6155] done synthesizing module 'AXI_BUS' (0#1) [C:/Users/Sankaranarayanan A/Desktop/AXI/AXI_5/AXI_5/axi_5.srcs/sources_1/new/axi_top.sv:61]
INFO: [Synth 8-6157] synthesizing module 'AXI_BUS' [C:/Users/Sankaranarayanan A/Desktop/AXI/AXI_5/AXI_5/axi_5.srcs/sources_1/new/axi_top.sv:61]
INFO: [Synth 8-6155] done synthesizing module 'AXI_BUS' (0#1) [C:/Users/Sankaranarayanan A/Desktop/AXI/AXI_5/AXI_5/axi_5.srcs/sources_1/new/axi_top.sv:61]
INFO: [Synth 8-6157] synthesizing module 'AXI_BUS' [C:/Users/Sankaranarayanan A/Desktop/AXI/AXI_5/AXI_5/axi_5.srcs/sources_1/new/axi_top.sv:61]
INFO: [Synth 8-6155] done synthesizing module 'AXI_BUS' (0#1) [C:/Users/Sankaranarayanan A/Desktop/AXI/AXI_5/AXI_5/axi_5.srcs/sources_1/new/axi_top.sv:61]
INFO: [Synth 8-6157] synthesizing module 'AXI_BUS' [C:/Users/Sankaranarayanan A/Desktop/AXI/AXI_5/AXI_5/axi_5.srcs/sources_1/new/axi_top.sv:61]
INFO: [Synth 8-6155] done synthesizing module 'AXI_BUS' (0#1) [C:/Users/Sankaranarayanan A/Desktop/AXI/AXI_5/AXI_5/axi_5.srcs/sources_1/new/axi_top.sv:61]
INFO: [Synth 8-6157] synthesizing module 'AXI_BUS' [C:/Users/Sankaranarayanan A/Desktop/AXI/AXI_5/AXI_5/axi_5.srcs/sources_1/new/axi_top.sv:61]
INFO: [Synth 8-6155] done synthesizing module 'AXI_BUS' (0#1) [C:/Users/Sankaranarayanan A/Desktop/AXI/AXI_5/AXI_5/axi_5.srcs/sources_1/new/axi_top.sv:61]
INFO: [Synth 8-6157] synthesizing module 'AXI_BUS' [C:/Users/Sankaranarayanan A/Desktop/AXI/AXI_5/AXI_5/axi_5.srcs/sources_1/new/axi_top.sv:61]
INFO: [Synth 8-6155] done synthesizing module 'AXI_BUS' (0#1) [C:/Users/Sankaranarayanan A/Desktop/AXI/AXI_5/AXI_5/axi_5.srcs/sources_1/new/axi_top.sv:61]
INFO: [Synth 8-6157] synthesizing module 'AXI_BUS' [C:/Users/Sankaranarayanan A/Desktop/AXI/AXI_5/AXI_5/axi_5.srcs/sources_1/new/axi_top.sv:61]
INFO: [Synth 8-6155] done synthesizing module 'AXI_BUS' (0#1) [C:/Users/Sankaranarayanan A/Desktop/AXI/AXI_5/AXI_5/axi_5.srcs/sources_1/new/axi_top.sv:61]
INFO: [Synth 8-6157] synthesizing module 'AXI_BUS' [C:/Users/Sankaranarayanan A/Desktop/AXI/AXI_5/AXI_5/axi_5.srcs/sources_1/new/axi_top.sv:61]
INFO: [Synth 8-6155] done synthesizing module 'AXI_BUS' (0#1) [C:/Users/Sankaranarayanan A/Desktop/AXI/AXI_5/AXI_5/axi_5.srcs/sources_1/new/axi_top.sv:61]
INFO: [Synth 8-6157] synthesizing module 'axi_xbar_intf' [C:/Users/Sankaranarayanan A/Desktop/AXI/AXI_5/AXI_5/axi_5.srcs/sources_1/new/axi_top.sv:152]
	Parameter Cfg[NoSlvPorts] bound to: 32'b00000000000000000000000000000010 
	Parameter Cfg[NoMstPorts] bound to: 32'b00000000000000000000000000000010 
	Parameter Cfg[MaxMstTrans] bound to: 32'b00000000000000000000000000001000 
	Parameter Cfg[MaxSlvTrans] bound to: 32'b00000000000000000000000000001000 
	Parameter Cfg[FallThrough] bound to: 1'b0 
	Parameter Cfg[LatencyMode] bound to: 10'b1111111111 
	Parameter Cfg[PipelineStages] bound to: 32'b00000000000000000000000000000001 
	Parameter Cfg[AxiIdWidthSlvPorts] bound to: 32'b00000000000000000000000000000100 
	Parameter Cfg[AxiIdUsedSlvPorts] bound to: 32'b00000000000000000000000000000100 
	Parameter Cfg[UniqueIds] bound to: 1'b0 
	Parameter Cfg[AxiAddrWidth] bound to: 32'b00000000000000000000000000100000 
	Parameter Cfg[AxiDataWidth] bound to: 32'b00000000000000000000000001000000 
	Parameter Cfg[NoAddrRules] bound to: 32'b00000000000000000000000000000010 
INFO: [Synth 8-6155] done synthesizing module 'axi_xbar_intf' (0#1) [C:/Users/Sankaranarayanan A/Desktop/AXI/AXI_5/AXI_5/axi_5.srcs/sources_1/new/axi_top.sv:152]
INFO: [Synth 8-6155] done synthesizing module 'axi_top' (0#1) [C:/Users/Sankaranarayanan A/Desktop/AXI/AXI_5/AXI_5/axi_5.srcs/sources_1/new/axi_top.sv:181]
WARNING: [Synth 8-3848] Net slv_ports[1]\.aw_ready in module/entity axi_xbar_intf does not have driver. [C:/Users/Sankaranarayanan A/Desktop/AXI/AXI_5/AXI_5/axi_5.srcs/sources_1/new/axi_top.sv:159]
WARNING: [Synth 8-3848] Net slv_ports[1]\.w_ready in module/entity axi_xbar_intf does not have driver. [C:/Users/Sankaranarayanan A/Desktop/AXI/AXI_5/AXI_5/axi_5.srcs/sources_1/new/axi_top.sv:159]
WARNING: [Synth 8-3848] Net slv_ports[1]\.b_id in module/entity axi_xbar_intf does not have driver. [C:/Users/Sankaranarayanan A/Desktop/AXI/AXI_5/AXI_5/axi_5.srcs/sources_1/new/axi_top.sv:159]
WARNING: [Synth 8-3848] Net slv_ports[1]\.b_resp in module/entity axi_xbar_intf does not have driver. [C:/Users/Sankaranarayanan A/Desktop/AXI/AXI_5/AXI_5/axi_5.srcs/sources_1/new/axi_top.sv:159]
WARNING: [Synth 8-3848] Net slv_ports[1]\.b_user in module/entity axi_xbar_intf does not have driver. [C:/Users/Sankaranarayanan A/Desktop/AXI/AXI_5/AXI_5/axi_5.srcs/sources_1/new/axi_top.sv:159]
WARNING: [Synth 8-3848] Net slv_ports[1]\.b_valid in module/entity axi_xbar_intf does not have driver. [C:/Users/Sankaranarayanan A/Desktop/AXI/AXI_5/AXI_5/axi_5.srcs/sources_1/new/axi_top.sv:159]
WARNING: [Synth 8-3848] Net slv_ports[1]\.ar_ready in module/entity axi_xbar_intf does not have driver. [C:/Users/Sankaranarayanan A/Desktop/AXI/AXI_5/AXI_5/axi_5.srcs/sources_1/new/axi_top.sv:159]
WARNING: [Synth 8-3848] Net slv_ports[1]\.r_id in module/entity axi_xbar_intf does not have driver. [C:/Users/Sankaranarayanan A/Desktop/AXI/AXI_5/AXI_5/axi_5.srcs/sources_1/new/axi_top.sv:159]
WARNING: [Synth 8-3848] Net slv_ports[1]\.r_data in module/entity axi_xbar_intf does not have driver. [C:/Users/Sankaranarayanan A/Desktop/AXI/AXI_5/AXI_5/axi_5.srcs/sources_1/new/axi_top.sv:159]
WARNING: [Synth 8-3848] Net slv_ports[1]\.r_resp in module/entity axi_xbar_intf does not have driver. [C:/Users/Sankaranarayanan A/Desktop/AXI/AXI_5/AXI_5/axi_5.srcs/sources_1/new/axi_top.sv:159]
WARNING: [Synth 8-3848] Net slv_ports[1]\.r_last in module/entity axi_xbar_intf does not have driver. [C:/Users/Sankaranarayanan A/Desktop/AXI/AXI_5/AXI_5/axi_5.srcs/sources_1/new/axi_top.sv:159]
WARNING: [Synth 8-3848] Net slv_ports[1]\.r_user in module/entity axi_xbar_intf does not have driver. [C:/Users/Sankaranarayanan A/Desktop/AXI/AXI_5/AXI_5/axi_5.srcs/sources_1/new/axi_top.sv:159]
WARNING: [Synth 8-3848] Net slv_ports[1]\.r_valid in module/entity axi_xbar_intf does not have driver. [C:/Users/Sankaranarayanan A/Desktop/AXI/AXI_5/AXI_5/axi_5.srcs/sources_1/new/axi_top.sv:159]
WARNING: [Synth 8-3848] Net slv_ports[0]\.aw_ready in module/entity axi_xbar_intf does not have driver. [C:/Users/Sankaranarayanan A/Desktop/AXI/AXI_5/AXI_5/axi_5.srcs/sources_1/new/axi_top.sv:159]
WARNING: [Synth 8-3848] Net slv_ports[0]\.w_ready in module/entity axi_xbar_intf does not have driver. [C:/Users/Sankaranarayanan A/Desktop/AXI/AXI_5/AXI_5/axi_5.srcs/sources_1/new/axi_top.sv:159]
WARNING: [Synth 8-3848] Net slv_ports[0]\.b_id in module/entity axi_xbar_intf does not have driver. [C:/Users/Sankaranarayanan A/Desktop/AXI/AXI_5/AXI_5/axi_5.srcs/sources_1/new/axi_top.sv:159]
WARNING: [Synth 8-3848] Net slv_ports[0]\.b_resp in module/entity axi_xbar_intf does not have driver. [C:/Users/Sankaranarayanan A/Desktop/AXI/AXI_5/AXI_5/axi_5.srcs/sources_1/new/axi_top.sv:159]
WARNING: [Synth 8-3848] Net slv_ports[0]\.b_user in module/entity axi_xbar_intf does not have driver. [C:/Users/Sankaranarayanan A/Desktop/AXI/AXI_5/AXI_5/axi_5.srcs/sources_1/new/axi_top.sv:159]
WARNING: [Synth 8-3848] Net slv_ports[0]\.b_valid in module/entity axi_xbar_intf does not have driver. [C:/Users/Sankaranarayanan A/Desktop/AXI/AXI_5/AXI_5/axi_5.srcs/sources_1/new/axi_top.sv:159]
WARNING: [Synth 8-3848] Net slv_ports[0]\.ar_ready in module/entity axi_xbar_intf does not have driver. [C:/Users/Sankaranarayanan A/Desktop/AXI/AXI_5/AXI_5/axi_5.srcs/sources_1/new/axi_top.sv:159]
WARNING: [Synth 8-3848] Net slv_ports[0]\.r_id in module/entity axi_xbar_intf does not have driver. [C:/Users/Sankaranarayanan A/Desktop/AXI/AXI_5/AXI_5/axi_5.srcs/sources_1/new/axi_top.sv:159]
WARNING: [Synth 8-3848] Net slv_ports[0]\.r_data in module/entity axi_xbar_intf does not have driver. [C:/Users/Sankaranarayanan A/Desktop/AXI/AXI_5/AXI_5/axi_5.srcs/sources_1/new/axi_top.sv:159]
WARNING: [Synth 8-3848] Net slv_ports[0]\.r_resp in module/entity axi_xbar_intf does not have driver. [C:/Users/Sankaranarayanan A/Desktop/AXI/AXI_5/AXI_5/axi_5.srcs/sources_1/new/axi_top.sv:159]
WARNING: [Synth 8-3848] Net slv_ports[0]\.r_last in module/entity axi_xbar_intf does not have driver. [C:/Users/Sankaranarayanan A/Desktop/AXI/AXI_5/AXI_5/axi_5.srcs/sources_1/new/axi_top.sv:159]
WARNING: [Synth 8-3848] Net slv_ports[0]\.r_user in module/entity axi_xbar_intf does not have driver. [C:/Users/Sankaranarayanan A/Desktop/AXI/AXI_5/AXI_5/axi_5.srcs/sources_1/new/axi_top.sv:159]
WARNING: [Synth 8-3848] Net slv_ports[0]\.r_valid in module/entity axi_xbar_intf does not have driver. [C:/Users/Sankaranarayanan A/Desktop/AXI/AXI_5/AXI_5/axi_5.srcs/sources_1/new/axi_top.sv:159]
WARNING: [Synth 8-3848] Net mst_ports[1]\.aw_id in module/entity axi_xbar_intf does not have driver. [C:/Users/Sankaranarayanan A/Desktop/AXI/AXI_5/AXI_5/axi_5.srcs/sources_1/new/axi_top.sv:160]
WARNING: [Synth 8-3848] Net mst_ports[1]\.aw_addr in module/entity axi_xbar_intf does not have driver. [C:/Users/Sankaranarayanan A/Desktop/AXI/AXI_5/AXI_5/axi_5.srcs/sources_1/new/axi_top.sv:160]
WARNING: [Synth 8-3848] Net mst_ports[1]\.aw_len in module/entity axi_xbar_intf does not have driver. [C:/Users/Sankaranarayanan A/Desktop/AXI/AXI_5/AXI_5/axi_5.srcs/sources_1/new/axi_top.sv:160]
WARNING: [Synth 8-3848] Net mst_ports[1]\.aw_size in module/entity axi_xbar_intf does not have driver. [C:/Users/Sankaranarayanan A/Desktop/AXI/AXI_5/AXI_5/axi_5.srcs/sources_1/new/axi_top.sv:160]
WARNING: [Synth 8-3848] Net mst_ports[1]\.aw_burst in module/entity axi_xbar_intf does not have driver. [C:/Users/Sankaranarayanan A/Desktop/AXI/AXI_5/AXI_5/axi_5.srcs/sources_1/new/axi_top.sv:160]
WARNING: [Synth 8-3848] Net mst_ports[1]\.aw_lock in module/entity axi_xbar_intf does not have driver. [C:/Users/Sankaranarayanan A/Desktop/AXI/AXI_5/AXI_5/axi_5.srcs/sources_1/new/axi_top.sv:160]
WARNING: [Synth 8-3848] Net mst_ports[1]\.aw_cache in module/entity axi_xbar_intf does not have driver. [C:/Users/Sankaranarayanan A/Desktop/AXI/AXI_5/AXI_5/axi_5.srcs/sources_1/new/axi_top.sv:160]
WARNING: [Synth 8-3848] Net mst_ports[1]\.aw_prot in module/entity axi_xbar_intf does not have driver. [C:/Users/Sankaranarayanan A/Desktop/AXI/AXI_5/AXI_5/axi_5.srcs/sources_1/new/axi_top.sv:160]
WARNING: [Synth 8-3848] Net mst_ports[1]\.aw_qos in module/entity axi_xbar_intf does not have driver. [C:/Users/Sankaranarayanan A/Desktop/AXI/AXI_5/AXI_5/axi_5.srcs/sources_1/new/axi_top.sv:160]
WARNING: [Synth 8-3848] Net mst_ports[1]\.aw_region in module/entity axi_xbar_intf does not have driver. [C:/Users/Sankaranarayanan A/Desktop/AXI/AXI_5/AXI_5/axi_5.srcs/sources_1/new/axi_top.sv:160]
WARNING: [Synth 8-3848] Net mst_ports[1]\.aw_atop in module/entity axi_xbar_intf does not have driver. [C:/Users/Sankaranarayanan A/Desktop/AXI/AXI_5/AXI_5/axi_5.srcs/sources_1/new/axi_top.sv:160]
WARNING: [Synth 8-3848] Net mst_ports[1]\.aw_user in module/entity axi_xbar_intf does not have driver. [C:/Users/Sankaranarayanan A/Desktop/AXI/AXI_5/AXI_5/axi_5.srcs/sources_1/new/axi_top.sv:160]
WARNING: [Synth 8-3848] Net mst_ports[1]\.aw_valid in module/entity axi_xbar_intf does not have driver. [C:/Users/Sankaranarayanan A/Desktop/AXI/AXI_5/AXI_5/axi_5.srcs/sources_1/new/axi_top.sv:160]
WARNING: [Synth 8-3848] Net mst_ports[1]\.w_data in module/entity axi_xbar_intf does not have driver. [C:/Users/Sankaranarayanan A/Desktop/AXI/AXI_5/AXI_5/axi_5.srcs/sources_1/new/axi_top.sv:160]
WARNING: [Synth 8-3848] Net mst_ports[1]\.w_strb in module/entity axi_xbar_intf does not have driver. [C:/Users/Sankaranarayanan A/Desktop/AXI/AXI_5/AXI_5/axi_5.srcs/sources_1/new/axi_top.sv:160]
WARNING: [Synth 8-3848] Net mst_ports[1]\.w_last in module/entity axi_xbar_intf does not have driver. [C:/Users/Sankaranarayanan A/Desktop/AXI/AXI_5/AXI_5/axi_5.srcs/sources_1/new/axi_top.sv:160]
WARNING: [Synth 8-3848] Net mst_ports[1]\.w_user in module/entity axi_xbar_intf does not have driver. [C:/Users/Sankaranarayanan A/Desktop/AXI/AXI_5/AXI_5/axi_5.srcs/sources_1/new/axi_top.sv:160]
WARNING: [Synth 8-3848] Net mst_ports[1]\.w_valid in module/entity axi_xbar_intf does not have driver. [C:/Users/Sankaranarayanan A/Desktop/AXI/AXI_5/AXI_5/axi_5.srcs/sources_1/new/axi_top.sv:160]
WARNING: [Synth 8-3848] Net mst_ports[1]\.b_ready in module/entity axi_xbar_intf does not have driver. [C:/Users/Sankaranarayanan A/Desktop/AXI/AXI_5/AXI_5/axi_5.srcs/sources_1/new/axi_top.sv:160]
WARNING: [Synth 8-3848] Net mst_ports[1]\.ar_id in module/entity axi_xbar_intf does not have driver. [C:/Users/Sankaranarayanan A/Desktop/AXI/AXI_5/AXI_5/axi_5.srcs/sources_1/new/axi_top.sv:160]
WARNING: [Synth 8-3848] Net mst_ports[1]\.ar_addr in module/entity axi_xbar_intf does not have driver. [C:/Users/Sankaranarayanan A/Desktop/AXI/AXI_5/AXI_5/axi_5.srcs/sources_1/new/axi_top.sv:160]
WARNING: [Synth 8-3848] Net mst_ports[1]\.ar_len in module/entity axi_xbar_intf does not have driver. [C:/Users/Sankaranarayanan A/Desktop/AXI/AXI_5/AXI_5/axi_5.srcs/sources_1/new/axi_top.sv:160]
WARNING: [Synth 8-3848] Net mst_ports[1]\.ar_size in module/entity axi_xbar_intf does not have driver. [C:/Users/Sankaranarayanan A/Desktop/AXI/AXI_5/AXI_5/axi_5.srcs/sources_1/new/axi_top.sv:160]
WARNING: [Synth 8-3848] Net mst_ports[1]\.ar_burst in module/entity axi_xbar_intf does not have driver. [C:/Users/Sankaranarayanan A/Desktop/AXI/AXI_5/AXI_5/axi_5.srcs/sources_1/new/axi_top.sv:160]
WARNING: [Synth 8-3848] Net mst_ports[1]\.ar_lock in module/entity axi_xbar_intf does not have driver. [C:/Users/Sankaranarayanan A/Desktop/AXI/AXI_5/AXI_5/axi_5.srcs/sources_1/new/axi_top.sv:160]
WARNING: [Synth 8-3848] Net mst_ports[1]\.ar_cache in module/entity axi_xbar_intf does not have driver. [C:/Users/Sankaranarayanan A/Desktop/AXI/AXI_5/AXI_5/axi_5.srcs/sources_1/new/axi_top.sv:160]
WARNING: [Synth 8-3848] Net mst_ports[1]\.ar_prot in module/entity axi_xbar_intf does not have driver. [C:/Users/Sankaranarayanan A/Desktop/AXI/AXI_5/AXI_5/axi_5.srcs/sources_1/new/axi_top.sv:160]
WARNING: [Synth 8-3848] Net mst_ports[1]\.ar_qos in module/entity axi_xbar_intf does not have driver. [C:/Users/Sankaranarayanan A/Desktop/AXI/AXI_5/AXI_5/axi_5.srcs/sources_1/new/axi_top.sv:160]
WARNING: [Synth 8-3848] Net mst_ports[1]\.ar_region in module/entity axi_xbar_intf does not have driver. [C:/Users/Sankaranarayanan A/Desktop/AXI/AXI_5/AXI_5/axi_5.srcs/sources_1/new/axi_top.sv:160]
WARNING: [Synth 8-3848] Net mst_ports[1]\.ar_user in module/entity axi_xbar_intf does not have driver. [C:/Users/Sankaranarayanan A/Desktop/AXI/AXI_5/AXI_5/axi_5.srcs/sources_1/new/axi_top.sv:160]
WARNING: [Synth 8-3848] Net mst_ports[1]\.ar_valid in module/entity axi_xbar_intf does not have driver. [C:/Users/Sankaranarayanan A/Desktop/AXI/AXI_5/AXI_5/axi_5.srcs/sources_1/new/axi_top.sv:160]
WARNING: [Synth 8-3848] Net mst_ports[1]\.r_ready in module/entity axi_xbar_intf does not have driver. [C:/Users/Sankaranarayanan A/Desktop/AXI/AXI_5/AXI_5/axi_5.srcs/sources_1/new/axi_top.sv:160]
WARNING: [Synth 8-3848] Net mst_ports[0]\.aw_id in module/entity axi_xbar_intf does not have driver. [C:/Users/Sankaranarayanan A/Desktop/AXI/AXI_5/AXI_5/axi_5.srcs/sources_1/new/axi_top.sv:160]
WARNING: [Synth 8-3848] Net mst_ports[0]\.aw_addr in module/entity axi_xbar_intf does not have driver. [C:/Users/Sankaranarayanan A/Desktop/AXI/AXI_5/AXI_5/axi_5.srcs/sources_1/new/axi_top.sv:160]
WARNING: [Synth 8-3848] Net mst_ports[0]\.aw_len in module/entity axi_xbar_intf does not have driver. [C:/Users/Sankaranarayanan A/Desktop/AXI/AXI_5/AXI_5/axi_5.srcs/sources_1/new/axi_top.sv:160]
WARNING: [Synth 8-3848] Net mst_ports[0]\.aw_size in module/entity axi_xbar_intf does not have driver. [C:/Users/Sankaranarayanan A/Desktop/AXI/AXI_5/AXI_5/axi_5.srcs/sources_1/new/axi_top.sv:160]
WARNING: [Synth 8-3848] Net mst_ports[0]\.aw_burst in module/entity axi_xbar_intf does not have driver. [C:/Users/Sankaranarayanan A/Desktop/AXI/AXI_5/AXI_5/axi_5.srcs/sources_1/new/axi_top.sv:160]
WARNING: [Synth 8-3848] Net mst_ports[0]\.aw_lock in module/entity axi_xbar_intf does not have driver. [C:/Users/Sankaranarayanan A/Desktop/AXI/AXI_5/AXI_5/axi_5.srcs/sources_1/new/axi_top.sv:160]
WARNING: [Synth 8-3848] Net mst_ports[0]\.aw_cache in module/entity axi_xbar_intf does not have driver. [C:/Users/Sankaranarayanan A/Desktop/AXI/AXI_5/AXI_5/axi_5.srcs/sources_1/new/axi_top.sv:160]
WARNING: [Synth 8-3848] Net mst_ports[0]\.aw_prot in module/entity axi_xbar_intf does not have driver. [C:/Users/Sankaranarayanan A/Desktop/AXI/AXI_5/AXI_5/axi_5.srcs/sources_1/new/axi_top.sv:160]
WARNING: [Synth 8-3848] Net mst_ports[0]\.aw_qos in module/entity axi_xbar_intf does not have driver. [C:/Users/Sankaranarayanan A/Desktop/AXI/AXI_5/AXI_5/axi_5.srcs/sources_1/new/axi_top.sv:160]
WARNING: [Synth 8-3848] Net mst_ports[0]\.aw_region in module/entity axi_xbar_intf does not have driver. [C:/Users/Sankaranarayanan A/Desktop/AXI/AXI_5/AXI_5/axi_5.srcs/sources_1/new/axi_top.sv:160]
WARNING: [Synth 8-3848] Net mst_ports[0]\.aw_atop in module/entity axi_xbar_intf does not have driver. [C:/Users/Sankaranarayanan A/Desktop/AXI/AXI_5/AXI_5/axi_5.srcs/sources_1/new/axi_top.sv:160]
WARNING: [Synth 8-3848] Net mst_ports[0]\.aw_user in module/entity axi_xbar_intf does not have driver. [C:/Users/Sankaranarayanan A/Desktop/AXI/AXI_5/AXI_5/axi_5.srcs/sources_1/new/axi_top.sv:160]
WARNING: [Synth 8-3848] Net mst_ports[0]\.aw_valid in module/entity axi_xbar_intf does not have driver. [C:/Users/Sankaranarayanan A/Desktop/AXI/AXI_5/AXI_5/axi_5.srcs/sources_1/new/axi_top.sv:160]
WARNING: [Synth 8-3848] Net mst_ports[0]\.w_data in module/entity axi_xbar_intf does not have driver. [C:/Users/Sankaranarayanan A/Desktop/AXI/AXI_5/AXI_5/axi_5.srcs/sources_1/new/axi_top.sv:160]
WARNING: [Synth 8-3848] Net mst_ports[0]\.w_strb in module/entity axi_xbar_intf does not have driver. [C:/Users/Sankaranarayanan A/Desktop/AXI/AXI_5/AXI_5/axi_5.srcs/sources_1/new/axi_top.sv:160]
WARNING: [Synth 8-3848] Net mst_ports[0]\.w_last in module/entity axi_xbar_intf does not have driver. [C:/Users/Sankaranarayanan A/Desktop/AXI/AXI_5/AXI_5/axi_5.srcs/sources_1/new/axi_top.sv:160]
WARNING: [Synth 8-3848] Net mst_ports[0]\.w_user in module/entity axi_xbar_intf does not have driver. [C:/Users/Sankaranarayanan A/Desktop/AXI/AXI_5/AXI_5/axi_5.srcs/sources_1/new/axi_top.sv:160]
WARNING: [Synth 8-3848] Net mst_ports[0]\.w_valid in module/entity axi_xbar_intf does not have driver. [C:/Users/Sankaranarayanan A/Desktop/AXI/AXI_5/AXI_5/axi_5.srcs/sources_1/new/axi_top.sv:160]
WARNING: [Synth 8-3848] Net mst_ports[0]\.b_ready in module/entity axi_xbar_intf does not have driver. [C:/Users/Sankaranarayanan A/Desktop/AXI/AXI_5/AXI_5/axi_5.srcs/sources_1/new/axi_top.sv:160]
WARNING: [Synth 8-3848] Net mst_ports[0]\.ar_id in module/entity axi_xbar_intf does not have driver. [C:/Users/Sankaranarayanan A/Desktop/AXI/AXI_5/AXI_5/axi_5.srcs/sources_1/new/axi_top.sv:160]
WARNING: [Synth 8-3848] Net mst_ports[0]\.ar_addr in module/entity axi_xbar_intf does not have driver. [C:/Users/Sankaranarayanan A/Desktop/AXI/AXI_5/AXI_5/axi_5.srcs/sources_1/new/axi_top.sv:160]
WARNING: [Synth 8-3848] Net mst_ports[0]\.ar_len in module/entity axi_xbar_intf does not have driver. [C:/Users/Sankaranarayanan A/Desktop/AXI/AXI_5/AXI_5/axi_5.srcs/sources_1/new/axi_top.sv:160]
WARNING: [Synth 8-3848] Net mst_ports[0]\.ar_size in module/entity axi_xbar_intf does not have driver. [C:/Users/Sankaranarayanan A/Desktop/AXI/AXI_5/AXI_5/axi_5.srcs/sources_1/new/axi_top.sv:160]
WARNING: [Synth 8-3848] Net mst_ports[0]\.ar_burst in module/entity axi_xbar_intf does not have driver. [C:/Users/Sankaranarayanan A/Desktop/AXI/AXI_5/AXI_5/axi_5.srcs/sources_1/new/axi_top.sv:160]
WARNING: [Synth 8-3848] Net mst_ports[0]\.ar_lock in module/entity axi_xbar_intf does not have driver. [C:/Users/Sankaranarayanan A/Desktop/AXI/AXI_5/AXI_5/axi_5.srcs/sources_1/new/axi_top.sv:160]
WARNING: [Synth 8-3848] Net mst_ports[0]\.ar_cache in module/entity axi_xbar_intf does not have driver. [C:/Users/Sankaranarayanan A/Desktop/AXI/AXI_5/AXI_5/axi_5.srcs/sources_1/new/axi_top.sv:160]
WARNING: [Synth 8-3848] Net mst_ports[0]\.ar_prot in module/entity axi_xbar_intf does not have driver. [C:/Users/Sankaranarayanan A/Desktop/AXI/AXI_5/AXI_5/axi_5.srcs/sources_1/new/axi_top.sv:160]
WARNING: [Synth 8-3848] Net mst_ports[0]\.ar_qos in module/entity axi_xbar_intf does not have driver. [C:/Users/Sankaranarayanan A/Desktop/AXI/AXI_5/AXI_5/axi_5.srcs/sources_1/new/axi_top.sv:160]
WARNING: [Synth 8-3848] Net mst_ports[0]\.ar_region in module/entity axi_xbar_intf does not have driver. [C:/Users/Sankaranarayanan A/Desktop/AXI/AXI_5/AXI_5/axi_5.srcs/sources_1/new/axi_top.sv:160]
WARNING: [Synth 8-3848] Net mst_ports[0]\.ar_user in module/entity axi_xbar_intf does not have driver. [C:/Users/Sankaranarayanan A/Desktop/AXI/AXI_5/AXI_5/axi_5.srcs/sources_1/new/axi_top.sv:160]
WARNING: [Synth 8-3848] Net mst_ports[0]\.ar_valid in module/entity axi_xbar_intf does not have driver. [C:/Users/Sankaranarayanan A/Desktop/AXI/AXI_5/AXI_5/axi_5.srcs/sources_1/new/axi_top.sv:160]
WARNING: [Synth 8-3848] Net mst_ports[0]\.r_ready in module/entity axi_xbar_intf does not have driver. [C:/Users/Sankaranarayanan A/Desktop/AXI/AXI_5/AXI_5/axi_5.srcs/sources_1/new/axi_top.sv:160]
WARNING: [Synth 8-7129] Port slv_ports[1]\.aw_ready in module axi_xbar_intf is either unconnected or has no load
WARNING: [Synth 8-7129] Port slv_ports[1]\.w_ready in module axi_xbar_intf is either unconnected or has no load
WARNING: [Synth 8-7129] Port slv_ports[1]\.b_id[3] in module axi_xbar_intf is either unconnected or has no load
WARNING: [Synth 8-7129] Port slv_ports[1]\.b_id[2] in module axi_xbar_intf is either unconnected or has no load
WARNING: [Synth 8-7129] Port slv_ports[1]\.b_id[1] in module axi_xbar_intf is either unconnected or has no load
WARNING: [Synth 8-7129] Port slv_ports[1]\.b_id[0] in module axi_xbar_intf is either unconnected or has no load
WARNING: [Synth 8-7129] Port slv_ports[1]\.b_resp[1] in module axi_xbar_intf is either unconnected or has no load
WARNING: [Synth 8-7129] Port slv_ports[1]\.b_resp[0] in module axi_xbar_intf is either unconnected or has no load
WARNING: [Synth 8-7129] Port slv_ports[1]\.b_user[-1] in module axi_xbar_intf is either unconnected or has no load
WARNING: [Synth 8-7129] Port slv_ports[1]\.b_user[0] in module axi_xbar_intf is either unconnected or has no load
WARNING: [Synth 8-7129] Port slv_ports[1]\.b_valid in module axi_xbar_intf is either unconnected or has no load
WARNING: [Synth 8-7129] Port slv_ports[1]\.ar_ready in module axi_xbar_intf is either unconnected or has no load
WARNING: [Synth 8-7129] Port slv_ports[1]\.r_id[3] in module axi_xbar_intf is either unconnected or has no load
WARNING: [Synth 8-7129] Port slv_ports[1]\.r_id[2] in module axi_xbar_intf is either unconnected or has no load
WARNING: [Synth 8-7129] Port slv_ports[1]\.r_id[1] in module axi_xbar_intf is either unconnected or has no load
WARNING: [Synth 8-7129] Port slv_ports[1]\.r_id[0] in module axi_xbar_intf is either unconnected or has no load
WARNING: [Synth 8-7129] Port slv_ports[1]\.r_data[63] in module axi_xbar_intf is either unconnected or has no load
WARNING: [Synth 8-7129] Port slv_ports[1]\.r_data[62] in module axi_xbar_intf is either unconnected or has no load
WARNING: [Synth 8-7129] Port slv_ports[1]\.r_data[61] in module axi_xbar_intf is either unconnected or has no load
WARNING: [Synth 8-7129] Port slv_ports[1]\.r_data[60] in module axi_xbar_intf is either unconnected or has no load
WARNING: [Synth 8-7129] Port slv_ports[1]\.r_data[59] in module axi_xbar_intf is either unconnected or has no load
WARNING: [Synth 8-7129] Port slv_ports[1]\.r_data[58] in module axi_xbar_intf is either unconnected or has no load
WARNING: [Synth 8-7129] Port slv_ports[1]\.r_data[57] in module axi_xbar_intf is either unconnected or has no load
WARNING: [Synth 8-7129] Port slv_ports[1]\.r_data[56] in module axi_xbar_intf is either unconnected or has no load
WARNING: [Synth 8-7129] Port slv_ports[1]\.r_data[55] in module axi_xbar_intf is either unconnected or has no load
WARNING: [Synth 8-7129] Port slv_ports[1]\.r_data[54] in module axi_xbar_intf is either unconnected or has no load
WARNING: [Synth 8-7129] Port slv_ports[1]\.r_data[53] in module axi_xbar_intf is either unconnected or has no load
WARNING: [Synth 8-7129] Port slv_ports[1]\.r_data[52] in module axi_xbar_intf is either unconnected or has no load
WARNING: [Synth 8-7129] Port slv_ports[1]\.r_data[51] in module axi_xbar_intf is either unconnected or has no load
WARNING: [Synth 8-7129] Port slv_ports[1]\.r_data[50] in module axi_xbar_intf is either unconnected or has no load
WARNING: [Synth 8-7129] Port slv_ports[1]\.r_data[49] in module axi_xbar_intf is either unconnected or has no load
WARNING: [Synth 8-7129] Port slv_ports[1]\.r_data[48] in module axi_xbar_intf is either unconnected or has no load
WARNING: [Synth 8-7129] Port slv_ports[1]\.r_data[47] in module axi_xbar_intf is either unconnected or has no load
WARNING: [Synth 8-7129] Port slv_ports[1]\.r_data[46] in module axi_xbar_intf is either unconnected or has no load
WARNING: [Synth 8-7129] Port slv_ports[1]\.r_data[45] in module axi_xbar_intf is either unconnected or has no load
WARNING: [Synth 8-7129] Port slv_ports[1]\.r_data[44] in module axi_xbar_intf is either unconnected or has no load
WARNING: [Synth 8-7129] Port slv_ports[1]\.r_data[43] in module axi_xbar_intf is either unconnected or has no load
WARNING: [Synth 8-7129] Port slv_ports[1]\.r_data[42] in module axi_xbar_intf is either unconnected or has no load
WARNING: [Synth 8-7129] Port slv_ports[1]\.r_data[41] in module axi_xbar_intf is either unconnected or has no load
WARNING: [Synth 8-7129] Port slv_ports[1]\.r_data[40] in module axi_xbar_intf is either unconnected or has no load
WARNING: [Synth 8-7129] Port slv_ports[1]\.r_data[39] in module axi_xbar_intf is either unconnected or has no load
WARNING: [Synth 8-7129] Port slv_ports[1]\.r_data[38] in module axi_xbar_intf is either unconnected or has no load
WARNING: [Synth 8-7129] Port slv_ports[1]\.r_data[37] in module axi_xbar_intf is either unconnected or has no load
WARNING: [Synth 8-7129] Port slv_ports[1]\.r_data[36] in module axi_xbar_intf is either unconnected or has no load
WARNING: [Synth 8-7129] Port slv_ports[1]\.r_data[35] in module axi_xbar_intf is either unconnected or has no load
WARNING: [Synth 8-7129] Port slv_ports[1]\.r_data[34] in module axi_xbar_intf is either unconnected or has no load
WARNING: [Synth 8-7129] Port slv_ports[1]\.r_data[33] in module axi_xbar_intf is either unconnected or has no load
WARNING: [Synth 8-7129] Port slv_ports[1]\.r_data[32] in module axi_xbar_intf is either unconnected or has no load
WARNING: [Synth 8-7129] Port slv_ports[1]\.r_data[31] in module axi_xbar_intf is either unconnected or has no load
WARNING: [Synth 8-7129] Port slv_ports[1]\.r_data[30] in module axi_xbar_intf is either unconnected or has no load
WARNING: [Synth 8-7129] Port slv_ports[1]\.r_data[29] in module axi_xbar_intf is either unconnected or has no load
WARNING: [Synth 8-7129] Port slv_ports[1]\.r_data[28] in module axi_xbar_intf is either unconnected or has no load
WARNING: [Synth 8-7129] Port slv_ports[1]\.r_data[27] in module axi_xbar_intf is either unconnected or has no load
WARNING: [Synth 8-7129] Port slv_ports[1]\.r_data[26] in module axi_xbar_intf is either unconnected or has no load
WARNING: [Synth 8-7129] Port slv_ports[1]\.r_data[25] in module axi_xbar_intf is either unconnected or has no load
WARNING: [Synth 8-7129] Port slv_ports[1]\.r_data[24] in module axi_xbar_intf is either unconnected or has no load
WARNING: [Synth 8-7129] Port slv_ports[1]\.r_data[23] in module axi_xbar_intf is either unconnected or has no load
WARNING: [Synth 8-7129] Port slv_ports[1]\.r_data[22] in module axi_xbar_intf is either unconnected or has no load
WARNING: [Synth 8-7129] Port slv_ports[1]\.r_data[21] in module axi_xbar_intf is either unconnected or has no load
WARNING: [Synth 8-7129] Port slv_ports[1]\.r_data[20] in module axi_xbar_intf is either unconnected or has no load
WARNING: [Synth 8-7129] Port slv_ports[1]\.r_data[19] in module axi_xbar_intf is either unconnected or has no load
WARNING: [Synth 8-7129] Port slv_ports[1]\.r_data[18] in module axi_xbar_intf is either unconnected or has no load
WARNING: [Synth 8-7129] Port slv_ports[1]\.r_data[17] in module axi_xbar_intf is either unconnected or has no load
WARNING: [Synth 8-7129] Port slv_ports[1]\.r_data[16] in module axi_xbar_intf is either unconnected or has no load
WARNING: [Synth 8-7129] Port slv_ports[1]\.r_data[15] in module axi_xbar_intf is either unconnected or has no load
WARNING: [Synth 8-7129] Port slv_ports[1]\.r_data[14] in module axi_xbar_intf is either unconnected or has no load
WARNING: [Synth 8-7129] Port slv_ports[1]\.r_data[13] in module axi_xbar_intf is either unconnected or has no load
WARNING: [Synth 8-7129] Port slv_ports[1]\.r_data[12] in module axi_xbar_intf is either unconnected or has no load
WARNING: [Synth 8-7129] Port slv_ports[1]\.r_data[11] in module axi_xbar_intf is either unconnected or has no load
WARNING: [Synth 8-7129] Port slv_ports[1]\.r_data[10] in module axi_xbar_intf is either unconnected or has no load
WARNING: [Synth 8-7129] Port slv_ports[1]\.r_data[9] in module axi_xbar_intf is either unconnected or has no load
WARNING: [Synth 8-7129] Port slv_ports[1]\.r_data[8] in module axi_xbar_intf is either unconnected or has no load
WARNING: [Synth 8-7129] Port slv_ports[1]\.r_data[7] in module axi_xbar_intf is either unconnected or has no load
WARNING: [Synth 8-7129] Port slv_ports[1]\.r_data[6] in module axi_xbar_intf is either unconnected or has no load
WARNING: [Synth 8-7129] Port slv_ports[1]\.r_data[5] in module axi_xbar_intf is either unconnected or has no load
WARNING: [Synth 8-7129] Port slv_ports[1]\.r_data[4] in module axi_xbar_intf is either unconnected or has no load
WARNING: [Synth 8-7129] Port slv_ports[1]\.r_data[3] in module axi_xbar_intf is either unconnected or has no load
WARNING: [Synth 8-7129] Port slv_ports[1]\.r_data[2] in module axi_xbar_intf is either unconnected or has no load
WARNING: [Synth 8-7129] Port slv_ports[1]\.r_data[1] in module axi_xbar_intf is either unconnected or has no load
WARNING: [Synth 8-7129] Port slv_ports[1]\.r_data[0] in module axi_xbar_intf is either unconnected or has no load
WARNING: [Synth 8-7129] Port slv_ports[1]\.r_resp[1] in module axi_xbar_intf is either unconnected or has no load
WARNING: [Synth 8-7129] Port slv_ports[1]\.r_resp[0] in module axi_xbar_intf is either unconnected or has no load
WARNING: [Synth 8-7129] Port slv_ports[1]\.r_last in module axi_xbar_intf is either unconnected or has no load
WARNING: [Synth 8-7129] Port slv_ports[1]\.r_user[-1] in module axi_xbar_intf is either unconnected or has no load
WARNING: [Synth 8-7129] Port slv_ports[1]\.r_user[0] in module axi_xbar_intf is either unconnected or has no load
WARNING: [Synth 8-7129] Port slv_ports[1]\.r_valid in module axi_xbar_intf is either unconnected or has no load
WARNING: [Synth 8-7129] Port slv_ports[0]\.aw_ready in module axi_xbar_intf is either unconnected or has no load
WARNING: [Synth 8-7129] Port slv_ports[0]\.w_ready in module axi_xbar_intf is either unconnected or has no load
WARNING: [Synth 8-7129] Port slv_ports[0]\.b_id[3] in module axi_xbar_intf is either unconnected or has no load
WARNING: [Synth 8-7129] Port slv_ports[0]\.b_id[2] in module axi_xbar_intf is either unconnected or has no load
WARNING: [Synth 8-7129] Port slv_ports[0]\.b_id[1] in module axi_xbar_intf is either unconnected or has no load
WARNING: [Synth 8-7129] Port slv_ports[0]\.b_id[0] in module axi_xbar_intf is either unconnected or has no load
WARNING: [Synth 8-7129] Port slv_ports[0]\.b_resp[1] in module axi_xbar_intf is either unconnected or has no load
WARNING: [Synth 8-7129] Port slv_ports[0]\.b_resp[0] in module axi_xbar_intf is either unconnected or has no load
WARNING: [Synth 8-7129] Port slv_ports[0]\.b_user[-1] in module axi_xbar_intf is either unconnected or has no load
WARNING: [Synth 8-7129] Port slv_ports[0]\.b_user[0] in module axi_xbar_intf is either unconnected or has no load
WARNING: [Synth 8-7129] Port slv_ports[0]\.b_valid in module axi_xbar_intf is either unconnected or has no load
WARNING: [Synth 8-7129] Port slv_ports[0]\.ar_ready in module axi_xbar_intf is either unconnected or has no load
WARNING: [Synth 8-7129] Port slv_ports[0]\.r_id[3] in module axi_xbar_intf is either unconnected or has no load
WARNING: [Synth 8-7129] Port slv_ports[0]\.r_id[2] in module axi_xbar_intf is either unconnected or has no load
INFO: [Common 17-14] Message 'Synth 8-7129' appears 100 times and further instances of the messages will be disabled. Use the Tcl command set_msg_config to change the current settings.
---------------------------------------------------------------------------------
Finished Synthesize : Time (s): cpu = 00:00:05 ; elapsed = 00:00:07 . Memory (MB): peak = 1102.270 ; gain = 559.730
---------------------------------------------------------------------------------
---------------------------------------------------------------------------------
Finished Constraint Validation : Time (s): cpu = 00:00:06 ; elapsed = 00:00:07 . Memory (MB): peak = 1102.270 ; gain = 559.730
---------------------------------------------------------------------------------
---------------------------------------------------------------------------------
Start Loading Part and Timing Information
---------------------------------------------------------------------------------
Loading part: xc7k70tfbv676-1
---------------------------------------------------------------------------------
Finished Loading Part and Timing Information : Time (s): cpu = 00:00:06 ; elapsed = 00:00:08 . Memory (MB): peak = 1102.270 ; gain = 559.730
---------------------------------------------------------------------------------
INFO: [Device 21-403] Loading part xc7k70tfbv676-1
---------------------------------------------------------------------------------
Finished RTL Optimization Phase 2 : Time (s): cpu = 00:00:06 ; elapsed = 00:00:08 . Memory (MB): peak = 1102.270 ; gain = 559.730
---------------------------------------------------------------------------------
No constraint files found.
---------------------------------------------------------------------------------
Start RTL Component Statistics 
---------------------------------------------------------------------------------
Detailed RTL Component Info : 
---------------------------------------------------------------------------------
Finished RTL Component Statistics 
---------------------------------------------------------------------------------
---------------------------------------------------------------------------------
Start Part Resource Summary
---------------------------------------------------------------------------------
INFO: [Device 21-9227] Part: xc7k70tfbv676-1 does not have CEAM library.
Part Resources:
DSPs: 240 (col length:80)
BRAMs: 270 (col length: RAMB18 80 RAMB36 40)
---------------------------------------------------------------------------------
Finished Part Resource Summary
---------------------------------------------------------------------------------
No constraint files found.
---------------------------------------------------------------------------------
Start Cross Boundary and Area Optimization
---------------------------------------------------------------------------------
WARNING: [Synth 8-7080] Parallel synthesis criteria is not met
WARNING: [Synth 8-3330] design axi_top has an empty top module
---------------------------------------------------------------------------------
Finished Cross Boundary and Area Optimization : Time (s): cpu = 00:00:10 ; elapsed = 00:00:14 . Memory (MB): peak = 1280.941 ; gain = 738.402
---------------------------------------------------------------------------------
No constraint files found.
---------------------------------------------------------------------------------
Start Timing Optimization
---------------------------------------------------------------------------------
---------------------------------------------------------------------------------
Finished Timing Optimization : Time (s): cpu = 00:00:10 ; elapsed = 00:00:14 . Memory (MB): peak = 1280.941 ; gain = 738.402
---------------------------------------------------------------------------------
---------------------------------------------------------------------------------
Start Technology Mapping
---------------------------------------------------------------------------------
---------------------------------------------------------------------------------
Finished Technology Mapping : Time (s): cpu = 00:00:10 ; elapsed = 00:00:14 . Memory (MB): peak = 1280.941 ; gain = 738.402
---------------------------------------------------------------------------------
---------------------------------------------------------------------------------
Start IO Insertion
---------------------------------------------------------------------------------
---------------------------------------------------------------------------------
Start Flattening Before IO Insertion
---------------------------------------------------------------------------------
---------------------------------------------------------------------------------
Finished Flattening Before IO Insertion
---------------------------------------------------------------------------------
---------------------------------------------------------------------------------
Start Final Netlist Cleanup
---------------------------------------------------------------------------------
---------------------------------------------------------------------------------
Finished Final Netlist Cleanup
---------------------------------------------------------------------------------
---------------------------------------------------------------------------------
Finished IO Insertion : Time (s): cpu = 00:00:13 ; elapsed = 00:00:17 . Memory (MB): peak = 1280.941 ; gain = 738.402
---------------------------------------------------------------------------------
---------------------------------------------------------------------------------
Start Renaming Generated Instances
---------------------------------------------------------------------------------
---------------------------------------------------------------------------------
Finished Renaming Generated Instances : Time (s): cpu = 00:00:13 ; elapsed = 00:00:17 . Memory (MB): peak = 1280.941 ; gain = 738.402
---------------------------------------------------------------------------------
---------------------------------------------------------------------------------
Start Rebuilding User Hierarchy
---------------------------------------------------------------------------------
---------------------------------------------------------------------------------
Finished Rebuilding User Hierarchy : Time (s): cpu = 00:00:13 ; elapsed = 00:00:17 . Memory (MB): peak = 1280.941 ; gain = 738.402
---------------------------------------------------------------------------------
---------------------------------------------------------------------------------
Start Renaming Generated Ports
---------------------------------------------------------------------------------
---------------------------------------------------------------------------------
Finished Renaming Generated Ports : Time (s): cpu = 00:00:13 ; elapsed = 00:00:17 . Memory (MB): peak = 1280.941 ; gain = 738.402
---------------------------------------------------------------------------------
---------------------------------------------------------------------------------
Start Handling Custom Attributes
---------------------------------------------------------------------------------
---------------------------------------------------------------------------------
Finished Handling Custom Attributes : Time (s): cpu = 00:00:13 ; elapsed = 00:00:17 . Memory (MB): peak = 1280.941 ; gain = 738.402
---------------------------------------------------------------------------------
---------------------------------------------------------------------------------
Start Renaming Generated Nets
---------------------------------------------------------------------------------
---------------------------------------------------------------------------------
Finished Renaming Generated Nets : Time (s): cpu = 00:00:13 ; elapsed = 00:00:17 . Memory (MB): peak = 1280.941 ; gain = 738.402
---------------------------------------------------------------------------------
---------------------------------------------------------------------------------
Start Writing Synthesis Report
---------------------------------------------------------------------------------

Report BlackBoxes: 
+-+--------------+----------+
| |BlackBox name |Instances |
+-+--------------+----------+
+-+--------------+----------+

Report Cell Usage: 
+------+------+------+
|      |Cell  |Count |
+------+------+------+
|1     |OBUFT |   612|
+------+------+------+

Report Instance Areas: 
+------+---------+-------+------+
|      |Instance |Module |Cells |
+------+---------+-------+------+
|1     |top      |       |   612|
+------+---------+-------+------+
---------------------------------------------------------------------------------
Finished Writing Synthesis Report : Time (s): cpu = 00:00:13 ; elapsed = 00:00:17 . Memory (MB): peak = 1280.941 ; gain = 738.402
---------------------------------------------------------------------------------
Synthesis finished with 0 errors, 0 critical warnings and 2742 warnings.
Synthesis Optimization Runtime : Time (s): cpu = 00:00:13 ; elapsed = 00:00:17 . Memory (MB): peak = 1280.941 ; gain = 738.402
Synthesis Optimization Complete : Time (s): cpu = 00:00:13 ; elapsed = 00:00:17 . Memory (MB): peak = 1280.941 ; gain = 738.402
INFO: [Project 1-571] Translating synthesized netlist
Netlist sorting complete. Time (s): cpu = 00:00:00 ; elapsed = 00:00:00.007 . Memory (MB): peak = 1280.941 ; gain = 0.000
INFO: [Project 1-570] Preparing netlist for logic optimization
INFO: [Opt 31-138] Pushed 0 inverter(s) to 0 load pin(s).
Netlist sorting complete. Time (s): cpu = 00:00:00 ; elapsed = 00:00:00 . Memory (MB): peak = 1383.031 ; gain = 0.000
INFO: [Project 1-111] Unisim Transformation Summary:
No Unisim elements were transformed.

Synth Design complete | Checksum: 94d0ab69
INFO: [Common 17-83] Releasing license: Synthesis
36 Infos, 192 Warnings, 0 Critical Warnings and 0 Errors encountered.
synth_design completed successfully
synth_design: Time (s): cpu = 00:00:14 ; elapsed = 00:00:19 . Memory (MB): peak = 1383.031 ; gain = 846.816
Write ShapeDB Complete: Time (s): cpu = 00:00:00 ; elapsed = 00:00:00.010 . Memory (MB): peak = 1383.031 ; gain = 0.000
INFO: [Common 17-1381] The checkpoint 'C:/Users/Sankaranarayanan A/Desktop/AXI/AXI_5/AXI_5/axi_5.runs/synth_1/axi_top.dcp' has been generated.
INFO: [Vivado 12-24828] Executing command : report_utilization -file axi_top_utilization_synth.rpt -pb axi_top_utilization_synth.pb
INFO: [Common 17-206] Exiting Vivado at Mon Jul  6 13:27:14 2026...
