INFO: [VRFC 10-2263] Analyzing SystemVerilog file "C:/Users/Sankaranarayanan A/Desktop/AXI/AXI_5/AXI_5/axi_5.srcs/sources_1/new/axi_top.sv" into library xil_defaultlib
INFO: [VRFC 10-311] analyzing module axi_xbar_intf
ERROR: [VRFC 10-2951] 'm' is not a constant [C:/Users/Sankaranarayanan A/Desktop/AXI/AXI_5/AXI_5/axi_5.srcs/sources_1/new/axi_top.sv:193]
ERROR: [VRFC 10-2951] 'm' is not a constant [C:/Users/Sankaranarayanan A/Desktop/AXI/AXI_5/AXI_5/axi_5.srcs/sources_1/new/axi_top.sv:194]
ERROR: [VRFC 10-2951] 'm' is not a constant [C:/Users/Sankaranarayanan A/Desktop/AXI/AXI_5/AXI_5/axi_5.srcs/sources_1/new/axi_top.sv:195]
ERROR: [VRFC 10-2951] 'm' is not a constant [C:/Users/Sankaranarayanan A/Desktop/AXI/AXI_5/AXI_5/axi_5.srcs/sources_1/new/axi_top.sv:214]
WARNING: [VRFC 10-3824] variable 'aw_valid_mask' must explicitly be declared as automatic or static [C:/Users/Sankaranarayanan A/Desktop/AXI/AXI_5/AXI_5/axi_5.srcs/sources_1/new/axi_top.sv:231]
ERROR: [VRFC 10-2951] 'm' is not a constant [C:/Users/Sankaranarayanan A/Desktop/AXI/AXI_5/AXI_5/axi_5.srcs/sources_1/new/axi_top.sv:233]
ERROR: [VRFC 10-2951] 'src_mst' is not a constant [C:/Users/Sankaranarayanan A/Desktop/AXI/AXI_5/AXI_5/axi_5.srcs/sources_1/new/axi_top.sv:250]
ERROR: [VRFC 10-2951] 'src_mst' is not a constant [C:/Users/Sankaranarayanan A/Desktop/AXI/AXI_5/AXI_5/axi_5.srcs/sources_1/new/axi_top.sv:251]
ERROR: [VRFC 10-2951] 'src_mst' is not a constant [C:/Users/Sankaranarayanan A/Desktop/AXI/AXI_5/AXI_5/axi_5.srcs/sources_1/new/axi_top.sv:252]
ERROR: [VRFC 10-2951] 'src_mst' is not a constant [C:/Users/Sankaranarayanan A/Desktop/AXI/AXI_5/AXI_5/axi_5.srcs/sources_1/new/axi_top.sv:253]
ERROR: [VRFC 10-2951] 'src_mst' is not a constant [C:/Users/Sankaranarayanan A/Desktop/AXI/AXI_5/AXI_5/axi_5.srcs/sources_1/new/axi_top.sv:254]
ERROR: [VRFC 10-2951] 'src_mst' is not a constant [C:/Users/Sankaranarayanan A/Desktop/AXI/AXI_5/AXI_5/axi_5.srcs/sources_1/new/axi_top.sv:255]
ERROR: [VRFC 10-2951] 'src_mst' is not a constant [C:/Users/Sankaranarayanan A/Desktop/AXI/AXI_5/AXI_5/axi_5.srcs/sources_1/new/axi_top.sv:256]
ERROR: [VRFC 10-2951] 'src_mst' is not a constant [C:/Users/Sankaranarayanan A/Desktop/AXI/AXI_5/AXI_5/axi_5.srcs/sources_1/new/axi_top.sv:257]
ERROR: [VRFC 10-2951] 'src_mst' is not a constant [C:/Users/Sankaranarayanan A/Desktop/AXI/AXI_5/AXI_5/axi_5.srcs/sources_1/new/axi_top.sv:258]
ERROR: [VRFC 10-2951] 'src_mst' is not a constant [C:/Users/Sankaranarayanan A/Desktop/AXI/AXI_5/AXI_5/axi_5.srcs/sources_1/new/axi_top.sv:259]
ERROR: [VRFC 10-2951] 'src_mst' is not a constant [C:/Users/Sankaranarayanan A/Desktop/AXI/AXI_5/AXI_5/axi_5.srcs/sources_1/new/axi_top.sv:260]
ERROR: [VRFC 10-2951] 'src_mst' is not a constant [C:/Users/Sankaranarayanan A/Desktop/AXI/AXI_5/AXI_5/axi_5.srcs/sources_1/new/axi_top.sv:261]
ERROR: [VRFC 10-2971] 'decode_addr' is not a valid constant function call [C:/Users/Sankaranarayanan A/Desktop/AXI/AXI_5/AXI_5/axi_5.srcs/sources_1/new/axi_top.sv:277]
ERROR: [VRFC 10-2951] 'm' is not a constant [C:/Users/Sankaranarayanan A/Desktop/AXI/AXI_5/AXI_5/axi_5.srcs/sources_1/new/axi_top.sv:294]
INFO: [#UNDEF] Sorry, too many errors..
