INFO: [VRFC 10-2263] Analyzing SystemVerilog file "C:/Users/Sankaranarayanan A/Desktop/AXI/AXI_5/AXI_5/axi_5.srcs/sources_1/new/axi_top.sv" into library xil_defaultlib
INFO: [VRFC 10-311] analyzing module axi_xbar_intf
ERROR: [VRFC 10-2951] 'm' is not a constant [C:/Users/Sankaranarayanan A/Desktop/AXI/AXI_5/AXI_5/axi_5.srcs/sources_1/new/axi_top.sv:192]
ERROR: [VRFC 10-2951] 'm' is not a constant [C:/Users/Sankaranarayanan A/Desktop/AXI/AXI_5/AXI_5/axi_5.srcs/sources_1/new/axi_top.sv:210]
ERROR: [VRFC 10-2951] 'src_mst' is not a constant [C:/Users/Sankaranarayanan A/Desktop/AXI/AXI_5/AXI_5/axi_5.srcs/sources_1/new/axi_top.sv:222]
ERROR: [VRFC 10-2951] 'src_mst' is not a constant [C:/Users/Sankaranarayanan A/Desktop/AXI/AXI_5/AXI_5/axi_5.srcs/sources_1/new/axi_top.sv:223]
ERROR: [VRFC 10-2951] 'src_mst' is not a constant [C:/Users/Sankaranarayanan A/Desktop/AXI/AXI_5/AXI_5/axi_5.srcs/sources_1/new/axi_top.sv:224]
ERROR: [VRFC 10-2951] 'src_mst' is not a constant [C:/Users/Sankaranarayanan A/Desktop/AXI/AXI_5/AXI_5/axi_5.srcs/sources_1/new/axi_top.sv:225]
ERROR: [VRFC 10-2951] 'src_mst' is not a constant [C:/Users/Sankaranarayanan A/Desktop/AXI/AXI_5/AXI_5/axi_5.srcs/sources_1/new/axi_top.sv:226]
ERROR: [VRFC 10-2951] 'src_mst' is not a constant [C:/Users/Sankaranarayanan A/Desktop/AXI/AXI_5/AXI_5/axi_5.srcs/sources_1/new/axi_top.sv:227]
ERROR: [VRFC 10-2951] 'src_mst' is not a constant [C:/Users/Sankaranarayanan A/Desktop/AXI/AXI_5/AXI_5/axi_5.srcs/sources_1/new/axi_top.sv:228]
ERROR: [VRFC 10-2951] 'src_mst' is not a constant [C:/Users/Sankaranarayanan A/Desktop/AXI/AXI_5/AXI_5/axi_5.srcs/sources_1/new/axi_top.sv:229]
ERROR: [VRFC 10-2951] 'src_mst' is not a constant [C:/Users/Sankaranarayanan A/Desktop/AXI/AXI_5/AXI_5/axi_5.srcs/sources_1/new/axi_top.sv:230]
ERROR: [VRFC 10-2951] 'src_mst' is not a constant [C:/Users/Sankaranarayanan A/Desktop/AXI/AXI_5/AXI_5/axi_5.srcs/sources_1/new/axi_top.sv:231]
ERROR: [VRFC 10-2951] 'src_mst' is not a constant [C:/Users/Sankaranarayanan A/Desktop/AXI/AXI_5/AXI_5/axi_5.srcs/sources_1/new/axi_top.sv:232]
ERROR: [VRFC 10-2951] 'src_mst' is not a constant [C:/Users/Sankaranarayanan A/Desktop/AXI/AXI_5/AXI_5/axi_5.srcs/sources_1/new/axi_top.sv:233]
ERROR: [VRFC 10-2971] 'decode_addr' is not a valid constant function call [C:/Users/Sankaranarayanan A/Desktop/AXI/AXI_5/AXI_5/axi_5.srcs/sources_1/new/axi_top.sv:248]
ERROR: [VRFC 10-2951] 'm' is not a constant [C:/Users/Sankaranarayanan A/Desktop/AXI/AXI_5/AXI_5/axi_5.srcs/sources_1/new/axi_top.sv:262]
ERROR: [VRFC 10-2951] 'src_mst' is not a constant [C:/Users/Sankaranarayanan A/Desktop/AXI/AXI_5/AXI_5/axi_5.srcs/sources_1/new/axi_top.sv:270]
ERROR: [VRFC 10-2951] 'src_mst' is not a constant [C:/Users/Sankaranarayanan A/Desktop/AXI/AXI_5/AXI_5/axi_5.srcs/sources_1/new/axi_top.sv:271]
ERROR: [VRFC 10-2951] 'src_mst' is not a constant [C:/Users/Sankaranarayanan A/Desktop/AXI/AXI_5/AXI_5/axi_5.srcs/sources_1/new/axi_top.sv:272]
INFO: [#UNDEF] Sorry, too many errors..
